android/app/build/intermediates/manifest_merge_blame_file/debug/processDebugMainManifest/manifest-merger-blame-debug-report.txt
1<?xml version="1.0" encoding="utf-8"?>
2<manifest xmlns:android="http://schemas.android.com/apk/res/android"
3    package="io.reef.reef_mobile_app"
4    android:versionCode="26"
5    android:versionName="1.0.2" >
6
7    <uses-sdk
8        android:minSdkVersion="21"
9        android:targetSdkVersion="35" />
10
11    <uses-permission android:name="android.permission.INTERNET" />
11-->src/main/AndroidManifest.xml:3:5-66
11-->src/main/AndroidManifest.xml:3:22-64
12    <uses-permission android:name="android.permission.READ_EXTERNAL_STORAGE" />
12-->src/main/AndroidManifest.xml:4:5-79
12-->src/main/AndroidManifest.xml:4:22-77
13    <uses-permission android:name="android.permission.WRITE_EXTERNAL_STORAGE" />
13-->src/main/AndroidManifest.xml:5:5-80
13-->src/main/AndroidManifest.xml:5:22-78
14    <uses-permission android:name="android.permission.USE_FINGERPRINT" />
14-->src/main/AndroidManifest.xml:6:5-73
14-->src/main/AndroidManifest.xml:6:22-71
15    <uses-permission android:name="android.permission.USE_BIOMETRIC" />
15-->src/main/AndroidManifest.xml:7:5-71
15-->src/main/AndroidManifest.xml:7:22-69
16    <uses-permission android:name="android.permission.SCHEDULE_EXACT_ALARM" />
16-->src/main/AndroidManifest.xml:8:5-78
16-->src/main/AndroidManifest.xml:8:22-76
17    <uses-permission android:name="android.permission.ACCESS_NETWORK_STATE" />
17-->[:connectivity_plus] AndroidManifest.xml:7:5-79
17-->[:connectivity_plus] AndroidManifest.xml:7:22-76
18
19    <queries>
19-->[:file_picker] AndroidManifest.xml:7:5-13:15
20        <intent>
20-->[:file_picker] AndroidManifest.xml:8:9-12:18
21            <action android:name="android.intent.action.GET_CONTENT" />
21-->[:file_picker] AndroidManifest.xml:9:13-72
21-->[:file_picker] AndroidManifest.xml:9:21-69
22
23            <data android:mimeType="*/*" />
23-->[:file_picker] AndroidManifest.xml:11:13-44
23-->[:file_picker] AndroidManifest.xml:11:19-41
24        </intent>
25    </queries>
26
27    <uses-permission android:name="android.permission.VIBRATE" />
27-->[:flutter_local_notifications] AndroidManifest.xml:7:5-66
27-->[:flutter_local_notifications] AndroidManifest.xml:7:22-63
28    <uses-permission android:name="android.permission.POST_NOTIFICATIONS" />
28-->[:flutter_local_notifications] AndroidManifest.xml:8:5-77
28-->[:flutter_local_notifications] AndroidManifest.xml:8:22-74
29    <uses-permission android:name="android.permission.CAMERA" />
29-->[:mobile_scanner] AndroidManifest.xml:7:5-65
29-->[:mobile_scanner] AndroidManifest.xml:7:22-62
30
31    <uses-feature
31-->[:mobile_scanner] AndroidManifest.xml:9:5-11:36
32        android:name="android.hardware.camera"
32-->[:mobile_scanner] AndroidManifest.xml:10:9-47
33        android:required="false" />
33-->[:mobile_scanner] AndroidManifest.xml:11:9-33
34
35    <permission
35-->[androidx.core:core:1.13.1] AndroidManifest.xml:22:5-24:47
36        android:name="io.reef.reef_mobile_app.DYNAMIC_RECEIVER_NOT_EXPORTED_PERMISSION"
36-->[androidx.core:core:1.13.1] AndroidManifest.xml:23:9-81
37        android:protectionLevel="signature" />
37-->[androidx.core:core:1.13.1] AndroidManifest.xml:24:9-44
38
39    <uses-permission android:name="io.reef.reef_mobile_app.DYNAMIC_RECEIVER_NOT_EXPORTED_PERMISSION" />
39-->[androidx.core:core:1.13.1] AndroidManifest.xml:26:5-97
39-->[androidx.core:core:1.13.1] AndroidManifest.xml:26:22-94
40
41    <application
42        android:name="android.app.Application"
43        android:appComponentFactory="androidx.core.app.CoreComponentFactory"
43-->[androidx.core:core:1.13.1] AndroidManifest.xml:28:18-86
44        android:debuggable="true"
45        android:extractNativeLibs="true"
46        android:icon="@mipmap/reef_icon"
47        android:label="Reef" >
48        <activity
49            android:name="io.reef.reef_mobile_app.MainActivity"
50            android:configChanges="orientation|keyboardHidden|keyboard|screenSize|smallestScreenSize|locale|layoutDirection|fontScale|screenLayout|density|uiMode"
51            android:exported="true"
52            android:hardwareAccelerated="true"
53            android:launchMode="singleTop"
54            android:theme="@style/LaunchTheme"
55            android:windowSoftInputMode="adjustResize" >
56
57            <!--
58                 Specifies an Android theme to apply to this Activity as soon as
59                 the Android process has started. This theme is visible to the user
60                 while the Flutter UI initializes. After that, this theme continues
61                 to determine the Window background behind the Flutter UI.
62            -->
63            <meta-data
64                android:name="io.flutter.embedding.android.NormalTheme"
65                android:resource="@style/NormalTheme" />
66
67            <intent-filter>
68                <action android:name="android.intent.action.MAIN" />
69
70                <category android:name="android.intent.category.LAUNCHER" />
71            </intent-filter>
72        </activity>
73        <!--
74             Don't delete the meta-data below.
75             This is used by the Flutter tool to generate GeneratedPluginRegistrant.java
76        -->
77        <meta-data
78            android:name="flutterEmbedding"
79            android:value="2" />
80
81        <provider
81-->[:image_picker_android] AndroidManifest.xml:9:9-17:20
82            android:name="io.flutter.plugins.imagepicker.ImagePickerFileProvider"
82-->[:image_picker_android] AndroidManifest.xml:10:13-82
83            android:authorities="io.reef.reef_mobile_app.flutter.image_provider"
83-->[:image_picker_android] AndroidManifest.xml:11:13-74
84            android:exported="false"
84-->[:image_picker_android] AndroidManifest.xml:12:13-37
85            android:grantUriPermissions="true" >
85-->[:image_picker_android] AndroidManifest.xml:13:13-47
86            <meta-data
86-->[:image_picker_android] AndroidManifest.xml:14:13-16:75
87                android:name="android.support.FILE_PROVIDER_PATHS"
87-->[:image_picker_android] AndroidManifest.xml:15:17-67
88                android:resource="@xml/flutter_image_picker_file_paths" />
88-->[:image_picker_android] AndroidManifest.xml:16:17-72
89        </provider> <!-- Trigger Google Play services to install the backported photo picker module. -->
90        <service
90-->[:image_picker_android] AndroidManifest.xml:19:9-31:19
91            android:name="com.google.android.gms.metadata.ModuleDependencies"
91-->[:image_picker_android] AndroidManifest.xml:20:13-78
92            android:enabled="false"
92-->[:image_picker_android] AndroidManifest.xml:21:13-36
93            android:exported="false" >
93-->[:image_picker_android] AndroidManifest.xml:22:13-37
94            <intent-filter>
94-->[:image_picker_android] AndroidManifest.xml:24:13-26:29
95                <action android:name="com.google.android.gms.metadata.MODULE_DEPENDENCIES" />
95-->[:image_picker_android] AndroidManifest.xml:25:17-94
95-->[:image_picker_android] AndroidManifest.xml:25:25-91
96            </intent-filter>
97
98            <meta-data
98-->[:image_picker_android] AndroidManifest.xml:28:13-30:36
99                android:name="photopicker_activity:0:required"
99-->[:image_picker_android] AndroidManifest.xml:29:17-63
100                android:value="" />
100-->[:image_picker_android] AndroidManifest.xml:30:17-33
101        </service>
102
103        <activity
103-->[:url_launcher_android] AndroidManifest.xml:8:9-11:74
104            android:name="io.flutter.plugins.urllauncher.WebViewActivity"
104-->[:url_launcher_android] AndroidManifest.xml:9:13-74
105            android:exported="false"
105-->[:url_launcher_android] AndroidManifest.xml:10:13-37
106            android:theme="@android:style/Theme.NoTitleBar.Fullscreen" />
106-->[:url_launcher_android] AndroidManifest.xml:11:13-71
107        <!--
108        Service for holding metadata. Cannot be instantiated.
109        Metadata will be merged from other manifests.
110        -->
111        <service
111-->[androidx.camera:camera-core:1.3.4] AndroidManifest.xml:29:9-33:78
112            android:name="androidx.camera.core.impl.MetadataHolderService"
112-->[androidx.camera:camera-core:1.3.4] AndroidManifest.xml:30:13-75
113            android:enabled="false"
113-->[androidx.camera:camera-core:1.3.4] AndroidManifest.xml:31:13-36
114            android:exported="false" >
114-->[androidx.camera:camera-core:1.3.4] AndroidManifest.xml:32:13-37
115            <meta-data
115-->[androidx.camera:camera-camera2:1.3.4] AndroidManifest.xml:30:13-32:89
116                android:name="androidx.camera.core.impl.MetadataHolderService.DEFAULT_CONFIG_PROVIDER"
116-->[androidx.camera:camera-camera2:1.3.4] AndroidManifest.xml:31:17-103
117                android:value="androidx.camera.camera2.Camera2Config$DefaultProvider" />
117-->[androidx.camera:camera-camera2:1.3.4] AndroidManifest.xml:32:17-86
118        </service>
119        <service
119-->[com.google.android.gms:play-services-mlkit-barcode-scanning:18.3.0] AndroidManifest.xml:9:9-15:19
120            android:name="com.google.mlkit.common.internal.MlKitComponentDiscoveryService"
120-->[com.google.android.gms:play-services-mlkit-barcode-scanning:18.3.0] AndroidManifest.xml:10:13-91
121            android:directBootAware="true"
121-->[com.google.mlkit:common:18.9.0] AndroidManifest.xml:17:13-43
122            android:exported="false" >
122-->[com.google.android.gms:play-services-mlkit-barcode-scanning:18.3.0] AndroidManifest.xml:11:13-37
123            <meta-data
123-->[com.google.android.gms:play-services-mlkit-barcode-scanning:18.3.0] AndroidManifest.xml:12:13-14:85
124                android:name="com.google.firebase.components:com.google.mlkit.vision.barcode.internal.BarcodeRegistrar"
124-->[com.google.android.gms:play-services-mlkit-barcode-scanning:18.3.0] AndroidManifest.xml:13:17-120
125                android:value="com.google.firebase.components.ComponentRegistrar" />
125-->[com.google.android.gms:play-services-mlkit-barcode-scanning:18.3.0] AndroidManifest.xml:14:17-82
126            <meta-data
126-->[com.google.mlkit:vision-common:17.3.0] AndroidManifest.xml:12:13-14:85
127                android:name="com.google.firebase.components:com.google.mlkit.vision.common.internal.VisionCommonRegistrar"
127-->[com.google.mlkit:vision-common:17.3.0] AndroidManifest.xml:13:17-124
128                android:value="com.google.firebase.components.ComponentRegistrar" />
128-->[com.google.mlkit:vision-common:17.3.0] AndroidManifest.xml:14:17-82
129            <meta-data
129-->[com.google.mlkit:common:18.9.0] AndroidManifest.xml:20:13-22:85
130                android:name="com.google.firebase.components:com.google.mlkit.common.internal.CommonComponentRegistrar"
130-->[com.google.mlkit:common:18.9.0] AndroidManifest.xml:21:17-120
131                android:value="com.google.firebase.components.ComponentRegistrar" />
131-->[com.google.mlkit:common:18.9.0] AndroidManifest.xml:22:17-82
132        </service>
133
134        <provider
134-->[com.google.mlkit:common:18.9.0] AndroidManifest.xml:9:9-13:38
135            android:name="com.google.mlkit.common.internal.MlKitInitProvider"
135-->[com.google.mlkit:common:18.9.0] AndroidManifest.xml:10:13-78
136            android:authorities="io.reef.reef_mobile_app.mlkitinitprovider"
136-->[com.google.mlkit:common:18.9.0] AndroidManifest.xml:11:13-69
137            android:exported="false"
137-->[com.google.mlkit:common:18.9.0] AndroidManifest.xml:12:13-37
138            android:initOrder="99" />
138-->[com.google.mlkit:common:18.9.0] AndroidManifest.xml:13:13-35
139
140        <activity
140-->[com.google.android.gms:play-services-base:18.1.0] AndroidManifest.xml:20:9-22:45
141            android:name="com.google.android.gms.common.api.GoogleApiActivity"
141-->[com.google.android.gms:play-services-base:18.1.0] AndroidManifest.xml:20:19-85
142            android:exported="false"
142-->[com.google.android.gms:play-services-base:18.1.0] AndroidManifest.xml:22:19-43
143            android:theme="@android:style/Theme.Translucent.NoTitleBar" />
143-->[com.google.android.gms:play-services-base:18.1.0] AndroidManifest.xml:21:19-78
144
145        <meta-data
145-->[com.google.android.gms:play-services-basement:18.1.0] AndroidManifest.xml:21:9-23:69
146            android:name="com.google.android.gms.version"
146-->[com.google.android.gms:play-services-basement:18.1.0] AndroidManifest.xml:22:13-58
147            android:value="@integer/google_play_services_version" />
147-->[com.google.android.gms:play-services-basement:18.1.0] AndroidManifest.xml:23:13-66
148
149        <uses-library
149-->[androidx.window:window:1.2.0] AndroidManifest.xml:23:9-25:40
150            android:name="androidx.window.extensions"
150-->[androidx.window:window:1.2.0] AndroidManifest.xml:24:13-54
151            android:required="false" />
151-->[androidx.window:window:1.2.0] AndroidManifest.xml:25:13-37
152        <uses-library
152-->[androidx.window:window:1.2.0] AndroidManifest.xml:26:9-28:40
153            android:name="androidx.window.sidecar"
153-->[androidx.window:window:1.2.0] AndroidManifest.xml:27:13-51
154            android:required="false" />
154-->[androidx.window:window:1.2.0] AndroidManifest.xml:28:13-37
155
156        <provider
156-->[androidx.lifecycle:lifecycle-process:2.7.0] AndroidManifest.xml:24:9-32:20
157            android:name="androidx.startup.InitializationProvider"
157-->[androidx.lifecycle:lifecycle-process:2.7.0] AndroidManifest.xml:25:13-67
158            android:authorities="io.reef.reef_mobile_app.androidx-startup"
158-->[androidx.lifecycle:lifecycle-process:2.7.0] AndroidManifest.xml:26:13-68
159            android:exported="false" >
159-->[androidx.lifecycle:lifecycle-process:2.7.0] AndroidManifest.xml:27:13-37
160            <meta-data
160-->[androidx.lifecycle:lifecycle-process:2.7.0] AndroidManifest.xml:29:13-31:52
161                android:name="androidx.lifecycle.ProcessLifecycleInitializer"
161-->[androidx.lifecycle:lifecycle-process:2.7.0] AndroidManifest.xml:30:17-78
162                android:value="androidx.startup" />
162-->[androidx.lifecycle:lifecycle-process:2.7.0] AndroidManifest.xml:31:17-49
163            <meta-data
163-->[androidx.profileinstaller:profileinstaller:1.3.1] AndroidManifest.xml:29:13-31:52
164                android:name="androidx.profileinstaller.ProfileInstallerInitializer"
164-->[androidx.profileinstaller:profileinstaller:1.3.1] AndroidManifest.xml:30:17-85
165                android:value="androidx.startup" />
165-->[androidx.profileinstaller:profileinstaller:1.3.1] AndroidManifest.xml:31:17-49
166        </provider>
167
168        <receiver
168-->[androidx.profileinstaller:profileinstaller:1.3.1] AndroidManifest.xml:34:9-52:20
169            android:name="androidx.profileinstaller.ProfileInstallReceiver"
169-->[androidx.profileinstaller:profileinstaller:1.3.1] AndroidManifest.xml:35:13-76
170            android:directBootAware="false"
170-->[androidx.profileinstaller:profileinstaller:1.3.1] AndroidManifest.xml:36:13-44
171            android:enabled="true"
171-->[androidx.profileinstaller:profileinstaller:1.3.1] AndroidManifest.xml:37:13-35
172            android:exported="true"
172-->[androidx.profileinstaller:profileinstaller:1.3.1] AndroidManifest.xml:38:13-36
173            android:permission="android.permission.DUMP" >
173-->[androidx.profileinstaller:profileinstaller:1.3.1] AndroidManifest.xml:39:13-57
174            <intent-filter>
174-->[androidx.profileinstaller:profileinstaller:1.3.1] AndroidManifest.xml:40:13-42:29
175                <action android:name="androidx.profileinstaller.action.INSTALL_PROFILE" />
175-->[androidx.profileinstaller:profileinstaller:1.3.1] AndroidManifest.xml:41:17-91
175-->[androidx.profileinstaller:profileinstaller:1.3.1] AndroidManifest.xml:41:25-88
176            </intent-filter>
177            <intent-filter>
177-->[androidx.profileinstaller:profileinstaller:1.3.1] AndroidManifest.xml:43:13-45:29
178                <action android:name="androidx.profileinstaller.action.SKIP_FILE" />
178-->[androidx.profileinstaller:profileinstaller:1.3.1] AndroidManifest.xml:44:17-85
178-->[androidx.profileinstaller:profileinstaller:1.3.1] AndroidManifest.xml:44:25-82
179            </intent-filter>
180            <intent-filter>
180-->[androidx.profileinstaller:profileinstaller:1.3.1] AndroidManifest.xml:46:13-48:29
181                <action android:name="androidx.profileinstaller.action.SAVE_PROFILE" />
181-->[androidx.profileinstaller:profileinstaller:1.3.1] AndroidManifest.xml:47:17-88
181-->[androidx.profileinstaller:profileinstaller:1.3.1] AndroidManifest.xml:47:25-85
182            </intent-filter>
183            <intent-filter>
183-->[androidx.profileinstaller:profileinstaller:1.3.1] AndroidManifest.xml:49:13-51:29
184                <action android:name="androidx.profileinstaller.action.BENCHMARK_OPERATION" />
184-->[androidx.profileinstaller:profileinstaller:1.3.1] AndroidManifest.xml:50:17-95
184-->[androidx.profileinstaller:profileinstaller:1.3.1] AndroidManifest.xml:50:25-92
185            </intent-filter>
186        </receiver>
187
188        <service
188-->[com.google.android.datatransport:transport-backend-cct:2.3.3] AndroidManifest.xml:29:9-35:19
189            android:name="com.google.android.datatransport.runtime.backends.TransportBackendDiscovery"
189-->[com.google.android.datatransport:transport-backend-cct:2.3.3] AndroidManifest.xml:30:13-103
190            android:exported="false" >
190-->[com.google.android.datatransport:transport-backend-cct:2.3.3] AndroidManifest.xml:31:13-37
191            <meta-data
191-->[com.google.android.datatransport:transport-backend-cct:2.3.3] AndroidManifest.xml:32:13-34:39
192                android:name="backend:com.google.android.datatransport.cct.CctBackendFactory"
192-->[com.google.android.datatransport:transport-backend-cct:2.3.3] AndroidManifest.xml:33:17-94
193                android:value="cct" />
193-->[com.google.android.datatransport:transport-backend-cct:2.3.3] AndroidManifest.xml:34:17-36
194        </service>
195        <service
195-->[com.google.android.datatransport:transport-runtime:2.2.6] AndroidManifest.xml:26:9-30:19
196            android:name="com.google.android.datatransport.runtime.scheduling.jobscheduling.JobInfoSchedulerService"
196-->[com.google.android.datatransport:transport-runtime:2.2.6] AndroidManifest.xml:27:13-117
197            android:exported="false"
197-->[com.google.android.datatransport:transport-runtime:2.2.6] AndroidManifest.xml:28:13-37
198            android:permission="android.permission.BIND_JOB_SERVICE" >
198-->[com.google.android.datatransport:transport-runtime:2.2.6] AndroidManifest.xml:29:13-69
199        </service>
200
201        <receiver
201-->[com.google.android.datatransport:transport-runtime:2.2.6] AndroidManifest.xml:32:9-34:40
202            android:name="com.google.android.datatransport.runtime.scheduling.jobscheduling.AlarmManagerSchedulerBroadcastReceiver"
202-->[com.google.android.datatransport:transport-runtime:2.2.6] AndroidManifest.xml:33:13-132
203            android:exported="false" />
203-->[com.google.android.datatransport:transport-runtime:2.2.6] AndroidManifest.xml:34:13-37
204    </application>
205
206</manifest>